<?xml version="1.0" encoding="UTF-8"?>
<!-- Generated by org.testng.reporters.JUnitReportReporter -->
<testsuite hostname="DESKTOP-5NI68KH" failures="0" tests="3" name="testScript.ButtonsPage_Test" time="28.528" errors="0" timestamp="2024-06-27T14:59:46 IST" skipped="0">
  <testcase classname="testScript.ButtonsPage_Test" name="test1" time="15.686"/>
  <system-out/>
  <testcase classname="testScript.ButtonsPage_Test" name="test2" time="4.750"/>
  <system-out/>
  <testcase classname="testScript.ButtonsPage_Test" name="test3" time="8.092"/>
  <system-out/>
</testsuite> <!-- testScript.ButtonsPage_Test -->
