<?xml version="1.0" encoding="UTF-8"?>
<!-- Generated by org.testng.reporters.JUnitReportReporter -->
<testsuite hostname="DESKTOP-5NI68KH" failures="0" tests="2" name="testScript.CheckBox_Test" time="16.479" errors="0" timestamp="2024-06-27T14:59:46 IST" skipped="0">
  <testcase classname="testScript.CheckBox_Test" name="test1" time="7.945"/>
  <system-out/>
  <testcase classname="testScript.CheckBox_Test" name="test2" time="8.534"/>
  <system-out/>
</testsuite> <!-- testScript.CheckBox_Test -->
