<?xml version="1.0" encoding="UTF-8"?>
<!-- Generated by org.testng.reporters.JUnitReportReporter -->
<testsuite hostname="DESKTOP-5NI68KH" failures="0" tests="2" name="testScript.UploadDownloadPage_Test" time="18.205" errors="0" timestamp="2024-06-27T14:59:46 IST" skipped="0">
  <testcase classname="testScript.UploadDownloadPage_Test" name="test2" time="8.211"/>
  <system-out/>
  <testcase classname="testScript.UploadDownloadPage_Test" name="test1" time="9.994"/>
  <system-out/>
</testsuite> <!-- testScript.UploadDownloadPage_Test -->
