<?xml version="1.0" encoding="UTF-8"?>
<!-- Generated by org.testng.reporters.JUnitReportReporter -->
<testsuite hostname="DESKTOP-5NI68KH" failures="0" tests="2" name="testScript.SelectMenuPage_Test" time="20.558" errors="0" timestamp="2024-06-27T14:59:46 IST" skipped="0">
  <testcase classname="testScript.SelectMenuPage_Test" name="test2" time="12.012"/>
  <system-out/>
  <testcase classname="testScript.SelectMenuPage_Test" name="test1" time="8.546"/>
  <system-out/>
</testsuite> <!-- testScript.SelectMenuPage_Test -->
